21:55:51 **** Build of configuration Debug for project echo2 ****
make all 
Building file: ../echo2.c
Invoking: AVR Compiler
avr-gcc -Wall -g2 -gstabs -O0 -fpack-struct -fshort-enums -ffunction-sections -fdata-sections -std=gnu99 -funsigned-char -funsigned-bitfields -mmcu=atmega16 -DF_CPU=1000000UL -MMD -MP -MF"echo2.d" -MT"echo2.o" -c -o "echo2.o" "../echo2.c"
Finished building: ../echo2.c
 
Building target: echo2.elf
Invoking: AVR C Linker
avr-gcc -Wl,-Map,echo2.map -mmcu=atmega16 -o "echo2.elf"  ./echo2.o   
Finished building target: echo2.elf
 
Invoking: AVR Create Extended Listing
avr-objdump -h -S echo2.elf  >"echo2.lss"
Finished building: echo2.lss
 
Invoking: Print Size
avr-size --format=avr --mcu=atmega16 echo2.elf
AVR Memory Usage
----------------
Device: atmega16

Program:     122 bytes (0.7% Full)
(.text + .data + .bootloader)

Data:          0 bytes (0.0% Full)
(.data + .bss + .noinit)


Finished building: sizedummy
 

21:55:52 Build Finished. 0 errors, 0 warnings. (took 1s.71ms)

