11:15:55 **** Incremental Build of configuration Debug for project echo1 ****
make all 
Building file: ../timer0.c
Invoking: AVR Compiler
avr-gcc -Wall -g2 -gstabs -O0 -fpack-struct -fshort-enums -ffunction-sections -fdata-sections -std=gnu99 -funsigned-char -funsigned-bitfields -mmcu=atmega16 -DF_CPU=1000000UL -MMD -MP -MF"timer0.d" -MT"timer0.o" -c -o "timer0.o" "../timer0.c"
../timer0.c: In function 'Timer0_setCallBack':
../timer0.c:65: warning: function return types not compatible due to 'volatile'
Finished building: ../timer0.c
 
Building target: echo1.elf
Invoking: AVR C Linker
avr-gcc -Wl,-Map,echo1.map -mmcu=atmega16 -o "echo1.elf"  ./echo1.o ./gpio.o ./timer0.o ./usart.o   
Finished building target: echo1.elf
 
Invoking: AVR Create Extended Listing
avr-objdump -h -S echo1.elf  >"echo1.lss"
Finished building: echo1.lss
 
Invoking: Print Size
avr-size --format=avr --mcu=atmega16 echo1.elf
AVR Memory Usage
----------------
Device: atmega16

Program:    4892 bytes (29.9% Full)
(.text + .data + .bootloader)

Data:         10 bytes (1.0% Full)
(.data + .bss + .noinit)


Finished building: sizedummy
 

11:15:56 Build Finished. 0 errors, 1 warnings. (took 1s.647ms)

